<?xml version="1.0" encoding="UTF-8"?>
<testng-results ignored="0" total="1" passed="1" failed="0" skipped="0">
  <reporter-output>
  </reporter-output>
  <suite started-at="2022-04-05T12:57:33 IST" name="Default suite" finished-at="2022-04-05T12:58:35 IST" duration-ms="61656">
    <groups>
      <group name="cucumber">
        <method signature="AbstractTestNGCucumberTests.runScenario(cucumber.api.testng.PickleEventWrapper,cucumber.api.testng.CucumberFeatureWrapper)[pri:0, instance:Runner.TestRunner@4229bb3f]" name="runScenario" class="cucumber.api.testng.AbstractTestNGCucumberTests"/>
      </group> <!-- cucumber -->
    </groups>
    <test started-at="2022-04-05T12:57:33 IST" name="Default test" finished-at="2022-04-05T12:58:35 IST" duration-ms="61656">
      <class name="Runner.TestRunner">
        <test-method is-config="true" signature="setUpClass()[pri:0, instance:Runner.TestRunner@4229bb3f]" started-at="2022-04-05T12:57:33 IST" name="setUpClass" finished-at="2022-04-05T12:57:33 IST" duration-ms="133" status="PASS">
          <reporter-output>
          </reporter-output>
        </test-method> <!-- setUpClass -->
        <test-method signature="runScenario(cucumber.api.testng.PickleEventWrapper,cucumber.api.testng.CucumberFeatureWrapper)[pri:0, instance:Runner.TestRunner@4229bb3f]" started-at="2022-04-05T12:57:33 IST" name="runScenario" description="Runs Cucumber Scenarios" data-provider="scenarios" finished-at="2022-04-05T12:58:34 IST" duration-ms="61327" status="PASS">
          <params>
            <param index="0">
              <value>
                <![CDATA["Verify Checkout functionality is working (with Extended Delivery Charges on Basket- Choice - Once)"]]>
              </value>
            </param>
            <param index="1">
              <value>
                <![CDATA["Delivery Charges Functionality"]]>
              </value>
            </param>
          </params>
          <reporter-output>
          </reporter-output>
        </test-method> <!-- runScenario -->
        <test-method is-config="true" signature="tearDownClass()[pri:0, instance:Runner.TestRunner@4229bb3f]" started-at="2022-04-05T12:58:34 IST" name="tearDownClass" finished-at="2022-04-05T12:58:35 IST" duration-ms="54" status="PASS">
          <reporter-output>
          </reporter-output>
        </test-method> <!-- tearDownClass -->
      </class> <!-- Runner.TestRunner -->
    </test> <!-- Default test -->
  </suite> <!-- Default suite -->
</testng-results>
